C:\C++\HELLOWORLD\DEBUG\HELLOWORLD.EXE
C:\C++\HELLOWORLD\DEBUG\HELLOWORLD.ILK
C:\C++\HELLOWORLD\DEBUG\HELLOWORLD.PDB
C:\C++\HelloWorld\HelloWorld\Debug\cl.command.1.tlog
C:\C++\HelloWorld\HelloWorld\Debug\CL.read.1.tlog
C:\C++\HelloWorld\HelloWorld\Debug\CL.write.1.tlog
C:\C++\HELLOWORLD\HELLOWORLD\DEBUG\HELLOWORLD.EXE.EMBED.MANIFEST
C:\C++\HELLOWORLD\HELLOWORLD\DEBUG\HELLOWORLD.EXE.EMBED.MANIFEST.RES
C:\C++\HELLOWORLD\HELLOWORLD\DEBUG\HELLOWORLD.EXE.INTERMEDIATE.MANIFEST
C:\C++\HELLOWORLD\HELLOWORLD\DEBUG\HELLOWORLD.OBJ
C:\C++\HELLOWORLD\HELLOWORLD\DEBUG\HELLOWORLD.PCH
C:\C++\HelloWorld\HelloWorld\Debug\HelloWorld.vcxprojResolveAssemblyReference.cache
C:\C++\HelloWorld\HelloWorld\Debug\HelloWorld.write.1.tlog
C:\C++\HelloWorld\HelloWorld\Debug\HelloWorld_manifest.rc
C:\C++\HelloWorld\HelloWorld\Debug\link.8832.read.1.tlog
C:\C++\HelloWorld\HelloWorld\Debug\link.8832.write.1.tlog
C:\C++\HelloWorld\HelloWorld\Debug\link.8832-cvtres.read.1.tlog
C:\C++\HelloWorld\HelloWorld\Debug\link.8832-cvtres.write.1.tlog
C:\C++\HelloWorld\HelloWorld\Debug\link.command.1.tlog
C:\C++\HelloWorld\HelloWorld\Debug\link.read.1.tlog
C:\C++\HelloWorld\HelloWorld\Debug\link.write.1.tlog
C:\C++\HelloWorld\HelloWorld\Debug\link-cvtres.read.1.tlog
C:\C++\HelloWorld\HelloWorld\Debug\link-cvtres.write.1.tlog
C:\C++\HelloWorld\HelloWorld\Debug\mt.command.1.tlog
C:\C++\HelloWorld\HelloWorld\Debug\mt.read.1.tlog
C:\C++\HelloWorld\HelloWorld\Debug\mt.write.1.tlog
C:\C++\HelloWorld\HelloWorld\Debug\rc.command.1.tlog
C:\C++\HelloWorld\HelloWorld\Debug\rc.read.1.tlog
C:\C++\HelloWorld\HelloWorld\Debug\rc.write.1.tlog
C:\C++\HELLOWORLD\HELLOWORLD\DEBUG\STDAFX.OBJ
C:\C++\HelloWorld\HelloWorld\Debug\vc100.idb
C:\C++\HELLOWORLD\HELLOWORLD\DEBUG\VC100.PDB
