Build started 30/04/2016 17:31:51.
     1>Project "C:\C++\HelloWorld\HelloWorld\HelloWorld.vcxproj" on node 2 (build target(s)).
     1>InitializeBuildStatus:
         Creating "Debug\HelloWorld.unsuccessfulbuild" because "AlwaysCreate" was specified.
       ClCompile:
         All outputs are up-to-date.
         All outputs are up-to-date.
       ManifestResourceCompile:
         All outputs are up-to-date.
       Link:
         C:\Program Files (x86)\Microsoft Visual Studio 10.0\VC\bin\link.exe /ERRORREPORT:PROMPT /OUT:"C:\C++\HelloWorld\Debug\HelloWorld.exe" /INCREMENTAL /NOLOGO /LIBPATH:"C:\Program Files (x86)\Visual Leak Detector\lib\Win32" kernel32.lib user32.lib gdi32.lib winspool.lib comdlg32.lib advapi32.lib shell32.lib ole32.lib oleaut32.lib uuid.lib odbc32.lib odbccp32.lib /MANIFEST /ManifestFile:"Debug\HelloWorld.exe.intermediate.manifest" /MANIFESTUAC:"level='asInvoker' uiAccess='false'" /DEBUG /PDB:"C:\C++\HelloWorld\Debug\HelloWorld.pdb" /SUBSYSTEM:CONSOLE /TLBID:1 /DYNAMICBASE /NXCOMPAT /IMPLIB:"C:\C++\HelloWorld\Debug\HelloWorld.lib" /MACHINE:X86 Debug\HelloWorld.exe.embed.manifest.res
         Debug\HelloWorld.obj
         Debug\stdafx.obj
       Manifest:
         C:\Program Files (x86)\Microsoft SDKs\Windows\v7.0A\bin\mt.exe /nologo /verbose /out:"Debug\HelloWorld.exe.embed.manifest" /manifest Debug\HelloWorld.exe.intermediate.manifest
         All outputs are up-to-date.
       LinkEmbedManifest:
         All outputs are up-to-date.
         HelloWorld.vcxproj -> C:\C++\HelloWorld\Debug\HelloWorld.exe
       FinalizeBuildStatus:
         Deleting file "Debug\HelloWorld.unsuccessfulbuild".
         Touching "Debug\HelloWorld.lastbuildstate".
     1>Done Building Project "C:\C++\HelloWorld\HelloWorld\HelloWorld.vcxproj" (build target(s)).

Build succeeded.

Time Elapsed 00:00:00.48
